<?xml version="1.0" encoding="UTF-8" ?>
<testsuite failures="0" time="12.888" errors="0" skipped="0" tests="22" name="rx.internal.operators.OperatorSwitchTest">
  <properties>
    <property name="java.runtime.name" value="OpenJDK Runtime Environment"/>
    <property name="sun.boot.library.path" value="/usr/lib/jvm/java-1.7.0-openjdk-1.7.0.101.x86_64/jre/lib/amd64"/>
    <property name="java.vm.version" value="24.95-b01"/>
    <property name="java.vm.vendor" value="Oracle Corporation"/>
    <property name="maven.multiModuleProjectDirectory" value="/home/ec2-user/gitworkspace/RxJava"/>
    <property name="java.vendor.url" value="http://java.oracle.com/"/>
    <property name="path.separator" value=":"/>
    <property name="guice.disable.misplaced.annotation.check" value="true"/>
    <property name="java.vm.name" value="OpenJDK 64-Bit Server VM"/>
    <property name="file.encoding.pkg" value="sun.io"/>
    <property name="user.country" value="US"/>
    <property name="sun.java.launcher" value="SUN_STANDARD"/>
    <property name="sun.os.patch.level" value="unknown"/>
    <property name="java.vm.specification.name" value="Java Virtual Machine Specification"/>
    <property name="user.dir" value="/home/ec2-user/gitworkspace/RxJava"/>
    <property name="java.runtime.version" value="1.7.0_101-mockbuild_2016_04_26_18_10-b00"/>
    <property name="java.awt.graphicsenv" value="sun.awt.X11GraphicsEnvironment"/>
    <property name="java.endorsed.dirs" value="/usr/lib/jvm/java-1.7.0-openjdk-1.7.0.101.x86_64/jre/lib/endorsed"/>
    <property name="os.arch" value="amd64"/>
    <property name="java.io.tmpdir" value="/tmp"/>
    <property name="line.separator" value="
"/>
    <property name="java.vm.specification.vendor" value="Oracle Corporation"/>
    <property name="os.name" value="Linux"/>
    <property name="classworlds.conf" value="/usr/share/apache-maven/bin/m2.conf"/>
    <property name="sun.jnu.encoding" value="UTF-8"/>
    <property name="java.library.path" value="/usr/java/packages/lib/amd64:/usr/lib64:/lib64:/lib:/usr/lib"/>
    <property name="java.specification.name" value="Java Platform API Specification"/>
    <property name="java.class.version" value="51.0"/>
    <property name="sun.management.compiler" value="HotSpot 64-Bit Tiered Compilers"/>
    <property name="os.version" value="4.4.5-15.26.amzn1.x86_64"/>
    <property name="user.home" value="/root"/>
    <property name="user.timezone" value="UTC"/>
    <property name="java.awt.printerjob" value="sun.print.PSPrinterJob"/>
    <property name="file.encoding" value="UTF-8"/>
    <property name="java.specification.version" value="1.7"/>
    <property name="user.name" value="root"/>
    <property name="java.class.path" value="/usr/share/apache-maven/boot/plexus-classworlds-2.5.2.jar"/>
    <property name="java.vm.specification.version" value="1.7"/>
    <property name="sun.arch.data.model" value="64"/>
    <property name="java.home" value="/usr/lib/jvm/java-1.7.0-openjdk-1.7.0.101.x86_64/jre"/>
    <property name="sun.java.command" value="org.codehaus.plexus.classworlds.launcher.Launcher test"/>
    <property name="java.specification.vendor" value="Oracle Corporation"/>
    <property name="user.language" value="en"/>
    <property name="awt.toolkit" value="sun.awt.X11.XToolkit"/>
    <property name="java.vm.info" value="mixed mode"/>
    <property name="java.version" value="1.7.0_101"/>
    <property name="java.ext.dirs" value="/usr/lib/jvm/java-1.7.0-openjdk-1.7.0.101.x86_64/jre/lib/ext:/usr/java/packages/lib/ext"/>
    <property name="securerandom.source" value="file:/dev/./urandom"/>
    <property name="sun.boot.class.path" value="/usr/lib/jvm/java-1.7.0-openjdk-1.7.0.101.x86_64/jre/lib/resources.jar:/usr/lib/jvm/java-1.7.0-openjdk-1.7.0.101.x86_64/jre/lib/rt.jar:/usr/lib/jvm/java-1.7.0-openjdk-1.7.0.101.x86_64/jre/lib/sunrsasign.jar:/usr/lib/jvm/java-1.7.0-openjdk-1.7.0.101.x86_64/jre/lib/jsse.jar:/usr/lib/jvm/java-1.7.0-openjdk-1.7.0.101.x86_64/jre/lib/jce.jar:/usr/lib/jvm/java-1.7.0-openjdk-1.7.0.101.x86_64/jre/lib/charsets.jar:/usr/lib/jvm/java-1.7.0-openjdk-1.7.0.101.x86_64/jre/lib/rhino.jar:/usr/lib/jvm/java-1.7.0-openjdk-1.7.0.101.x86_64/jre/lib/jfr.jar:/usr/lib/jvm/java-1.7.0-openjdk-1.7.0.101.x86_64/jre/classes"/>
    <property name="java.vendor" value="Oracle Corporation"/>
    <property name="maven.home" value="/usr/share/apache-maven"/>
    <property name="file.separator" value="/"/>
    <property name="java.vendor.url.bug" value="http://bugreport.sun.com/bugreport/"/>
    <property name="sun.cpu.endian" value="little"/>
    <property name="sun.io.unicode.encoding" value="UnicodeLittle"/>
    <property name="sun.cpu.isalist" value=""/>
  </properties>
  <testcase time="0.005" classname="rx.internal.operators.OperatorSwitchTest" name="backpressure"/>
  <testcase time="0.004" classname="rx.internal.operators.OperatorSwitchTest" name="testSwitchIssue737"/>
  <testcase time="0.002" classname="rx.internal.operators.OperatorSwitchTest" name="testSwitchWithSubsequenceComplete"/>
  <testcase time="0.557" classname="rx.internal.operators.OperatorSwitchTest" name="producerIsNotRetained"/>
  <testcase time="8.085" classname="rx.internal.operators.OperatorSwitchTest" name="asyncInner"/>
  <testcase time="0.004" classname="rx.internal.operators.OperatorSwitchTest" name="backpressureWithSwitch"/>
  <testcase time="0.302" classname="rx.internal.operators.OperatorSwitchTest" name="testSecondaryRequestsDontOverflow"/>
  <testcase time="0.004" classname="rx.internal.operators.OperatorSwitchTest" name="testBackpressure"/>
  <testcase time="0.001" classname="rx.internal.operators.OperatorSwitchTest" name="mainError"/>
  <testcase time="0.001" classname="rx.internal.operators.OperatorSwitchTest" name="innerAllError"/>
  <testcase time="0.001" classname="rx.internal.operators.OperatorSwitchTest" name="testUnsubscribe"/>
  <testcase time="0.501" classname="rx.internal.operators.OperatorSwitchTest" name="switchAsyncHeavily"/>
  <testcase time="0.002" classname="rx.internal.operators.OperatorSwitchTest" name="testSwitchWhenInnerCompleteBeforeOuter"/>
  <testcase time="0.309" classname="rx.internal.operators.OperatorSwitchTest" name="testSecondaryRequestsAdditivelyAreMoreThanLongMaxValueInducesMaxValueRequestFromUpstream"/>
  <testcase time="0.305" classname="rx.internal.operators.OperatorSwitchTest" name="testInitialRequestsAreAdditive"/>
  <testcase time="0.001" classname="rx.internal.operators.OperatorSwitchTest" name="testSwitchWhenOuterCompleteBeforeInner"/>
  <testcase time="0.003" classname="rx.internal.operators.OperatorSwitchTest" name="testSwitchWithError"/>
  <testcase time="0.001" classname="rx.internal.operators.OperatorSwitchTest" name="innerError"/>
  <testcase time="2.493" classname="rx.internal.operators.OperatorSwitchTest" name="testIssue2654"/>
  <testcase time="0.002" classname="rx.internal.operators.OperatorSwitchTest" name="testSwitchWithSubsequenceError"/>
  <testcase time="0.002" classname="rx.internal.operators.OperatorSwitchTest" name="testSwitchWithComplete"/>
  <testcase time="0.303" classname="rx.internal.operators.OperatorSwitchTest" name="testInitialRequestsDontOverflow"/>
</testsuite>