<?xml version="1.0" encoding="UTF-8" ?>
<testsuite failures="0" time="10.097" errors="0" skipped="0" tests="54" name="rx.internal.operators.OperatorMergeTest">
  <properties>
    <property name="java.runtime.name" value="OpenJDK Runtime Environment"/>
    <property name="sun.boot.library.path" value="/usr/lib/jvm/java-1.7.0-openjdk-1.7.0.101.x86_64/jre/lib/amd64"/>
    <property name="java.vm.version" value="24.95-b01"/>
    <property name="java.vm.vendor" value="Oracle Corporation"/>
    <property name="maven.multiModuleProjectDirectory" value="/home/ec2-user/gitworkspace/RxJava"/>
    <property name="java.vendor.url" value="http://java.oracle.com/"/>
    <property name="path.separator" value=":"/>
    <property name="guice.disable.misplaced.annotation.check" value="true"/>
    <property name="java.vm.name" value="OpenJDK 64-Bit Server VM"/>
    <property name="file.encoding.pkg" value="sun.io"/>
    <property name="user.country" value="US"/>
    <property name="sun.java.launcher" value="SUN_STANDARD"/>
    <property name="sun.os.patch.level" value="unknown"/>
    <property name="java.vm.specification.name" value="Java Virtual Machine Specification"/>
    <property name="user.dir" value="/home/ec2-user/gitworkspace/RxJava"/>
    <property name="java.runtime.version" value="1.7.0_101-mockbuild_2016_04_26_18_10-b00"/>
    <property name="java.awt.graphicsenv" value="sun.awt.X11GraphicsEnvironment"/>
    <property name="java.endorsed.dirs" value="/usr/lib/jvm/java-1.7.0-openjdk-1.7.0.101.x86_64/jre/lib/endorsed"/>
    <property name="os.arch" value="amd64"/>
    <property name="java.io.tmpdir" value="/tmp"/>
    <property name="line.separator" value="
"/>
    <property name="java.vm.specification.vendor" value="Oracle Corporation"/>
    <property name="os.name" value="Linux"/>
    <property name="classworlds.conf" value="/usr/share/apache-maven/bin/m2.conf"/>
    <property name="sun.jnu.encoding" value="UTF-8"/>
    <property name="java.library.path" value="/usr/java/packages/lib/amd64:/usr/lib64:/lib64:/lib:/usr/lib"/>
    <property name="java.specification.name" value="Java Platform API Specification"/>
    <property name="java.class.version" value="51.0"/>
    <property name="sun.management.compiler" value="HotSpot 64-Bit Tiered Compilers"/>
    <property name="os.version" value="4.4.5-15.26.amzn1.x86_64"/>
    <property name="user.home" value="/root"/>
    <property name="user.timezone" value="UTC"/>
    <property name="java.awt.printerjob" value="sun.print.PSPrinterJob"/>
    <property name="file.encoding" value="UTF-8"/>
    <property name="java.specification.version" value="1.7"/>
    <property name="user.name" value="root"/>
    <property name="java.class.path" value="/usr/share/apache-maven/boot/plexus-classworlds-2.5.2.jar"/>
    <property name="java.vm.specification.version" value="1.7"/>
    <property name="sun.arch.data.model" value="64"/>
    <property name="java.home" value="/usr/lib/jvm/java-1.7.0-openjdk-1.7.0.101.x86_64/jre"/>
    <property name="sun.java.command" value="org.codehaus.plexus.classworlds.launcher.Launcher test"/>
    <property name="java.specification.vendor" value="Oracle Corporation"/>
    <property name="user.language" value="en"/>
    <property name="awt.toolkit" value="sun.awt.X11.XToolkit"/>
    <property name="java.vm.info" value="mixed mode"/>
    <property name="java.version" value="1.7.0_101"/>
    <property name="java.ext.dirs" value="/usr/lib/jvm/java-1.7.0-openjdk-1.7.0.101.x86_64/jre/lib/ext:/usr/java/packages/lib/ext"/>
    <property name="securerandom.source" value="file:/dev/./urandom"/>
    <property name="sun.boot.class.path" value="/usr/lib/jvm/java-1.7.0-openjdk-1.7.0.101.x86_64/jre/lib/resources.jar:/usr/lib/jvm/java-1.7.0-openjdk-1.7.0.101.x86_64/jre/lib/rt.jar:/usr/lib/jvm/java-1.7.0-openjdk-1.7.0.101.x86_64/jre/lib/sunrsasign.jar:/usr/lib/jvm/java-1.7.0-openjdk-1.7.0.101.x86_64/jre/lib/jsse.jar:/usr/lib/jvm/java-1.7.0-openjdk-1.7.0.101.x86_64/jre/lib/jce.jar:/usr/lib/jvm/java-1.7.0-openjdk-1.7.0.101.x86_64/jre/lib/charsets.jar:/usr/lib/jvm/java-1.7.0-openjdk-1.7.0.101.x86_64/jre/lib/rhino.jar:/usr/lib/jvm/java-1.7.0-openjdk-1.7.0.101.x86_64/jre/lib/jfr.jar:/usr/lib/jvm/java-1.7.0-openjdk-1.7.0.101.x86_64/jre/classes"/>
    <property name="java.vendor" value="Oracle Corporation"/>
    <property name="maven.home" value="/usr/share/apache-maven"/>
    <property name="file.separator" value="/"/>
    <property name="java.vendor.url.bug" value="http://bugreport.sun.com/bugreport/"/>
    <property name="sun.cpu.endian" value="little"/>
    <property name="sun.io.unicode.encoding" value="UnicodeLittle"/>
    <property name="sun.cpu.isalist" value=""/>
  </properties>
  <testcase time="0.03" classname="rx.internal.operators.OperatorMergeTest" name="testUnboundedDefaultConcurrency"/>
  <testcase time="0.001" classname="rx.internal.operators.OperatorMergeTest" name="testMergeList"/>
  <testcase time="0.003" classname="rx.internal.operators.OperatorMergeTest" name="testBackpressureUpstream2"/>
  <testcase time="0.254" classname="rx.internal.operators.OperatorMergeTest" name="testConcurrencyWithBrokenOnCompleteContract"/>
  <testcase time="0" classname="rx.internal.operators.OperatorMergeTest" name="testMergeArray"/>
  <testcase time="0.123" classname="rx.internal.operators.OperatorMergeTest" name="merge1000AsyncStreamOf1000"/>
  <testcase time="0.002" classname="rx.internal.operators.OperatorMergeTest" name="shouldNotCompleteIfThereArePendingScalarSynchronousEmissionsWhenTheLastInnerSubscriberCompletes"/>
  <testcase time="0.832" classname="rx.internal.operators.OperatorMergeTest" name="testMergeKeepsRequesting"/>
  <testcase time="0.005" classname="rx.internal.operators.OperatorMergeTest" name="testUnSubscribeObservableOfObservables"/>
  <testcase time="0.002" classname="rx.internal.operators.OperatorMergeTest" name="mergeJustNull"/>
  <testcase time="0" classname="rx.internal.operators.OperatorMergeTest" name="shouldNotReceivedDelayedErrorWhileThereAreStillNormalEmissionsInTheQueue"/>
  <testcase time="0.004" classname="rx.internal.operators.OperatorMergeTest" name="testMergeArrayWithThreading"/>
  <testcase time="0" classname="rx.internal.operators.OperatorMergeTest" name="mergeWithNullValues"/>
  <testcase time="1.814" classname="rx.internal.operators.OperatorMergeTest" name="mergeManyAsyncSingle"/>
  <testcase time="0.002" classname="rx.internal.operators.OperatorMergeTest" name="testUnsubscribeAsObservablesComplete"/>
  <testcase time="0" classname="rx.internal.operators.OperatorMergeTest" name="shouldNotReceivedDelayedErrorWhileThereAreStillScalarSynchronousEmissionsInTheQueue"/>
  <testcase time="0.405" classname="rx.internal.operators.OperatorMergeTest" name="testBackpressureBothUpstreamAndDownstreamWithRegularObservables"/>
  <testcase time="0.001" classname="rx.internal.operators.OperatorMergeTest" name="mergeWithTerminalEventAfterUnsubscribe"/>
  <testcase time="0.018" classname="rx.internal.operators.OperatorMergeTest" name="testMergeRequestOverflow"/>
  <testcase time="0" classname="rx.internal.operators.OperatorMergeTest" name="delayedErrorsShouldBeEmittedWhenCompleteAfterApplyingBackpressure_FastPath"/>
  <testcase time="0.233" classname="rx.internal.operators.OperatorMergeTest" name="testBackpressureDownstreamWithConcurrentStreams"/>
  <testcase time="0.001" classname="rx.internal.operators.OperatorMergeTest" name="merge1AsyncStreamOf1"/>
  <testcase time="0" classname="rx.internal.operators.OperatorMergeTest" name="mergingNullObservable"/>
  <testcase time="0.005" classname="rx.internal.operators.OperatorMergeTest" name="testFastMergeFullScalar"/>
  <testcase time="0.003" classname="rx.internal.operators.OperatorMergeTest" name="zeroMaxConcurrent"/>
  <testcase time="0" classname="rx.internal.operators.OperatorMergeTest" name="shouldCompleteAfterApplyingBackpressure_FastPath"/>
  <testcase time="0.149" classname="rx.internal.operators.OperatorMergeTest" name="merge1000000SyncStreamOf1"/>
  <testcase time="0.024" classname="rx.internal.operators.OperatorMergeTest" name="testSlowMergeHiddenScalar"/>
  <testcase time="6.17" classname="rx.internal.operators.OperatorMergeTest" name="testBackpressureUpstream2InLoop"/>
  <testcase time="0" classname="rx.internal.operators.OperatorMergeTest" name="testMergeObservableOfObservables"/>
  <testcase time="0.015" classname="rx.internal.operators.OperatorMergeTest" name="testBackpressureUpstream"/>
  <testcase time="0.001" classname="rx.internal.operators.OperatorMergeTest" name="testBackpressureBothUpstreamAndDownstreamWithSynchronousScalarObservables"/>
  <testcase time="0" classname="rx.internal.operators.OperatorMergeTest" name="testEarlyUnsubscribe"/>
  <testcase time="0" classname="rx.internal.operators.OperatorMergeTest" name="testThrownErrorHandling"/>
  <testcase time="0" classname="rx.internal.operators.OperatorMergeTest" name="testConcurrency"/>
  <testcase time="0" classname="rx.internal.operators.OperatorMergeTest" name="negativeMaxConcurrent"/>
  <testcase time="0" classname="rx.internal.operators.OperatorMergeTest" name="shouldNotCompleteWhileThereAreStillScalarSynchronousEmissionsInTheQueue"/>
  <testcase time="0" classname="rx.internal.operators.OperatorMergeTest" name="testSlowMergeFullScalar"/>
  <testcase time="0" classname="rx.internal.operators.OperatorMergeTest" name="merge2000AsyncStreamOf100"/>
  <testcase time="0" classname="rx.internal.operators.OperatorMergeTest" name="merge100AsyncStreamOf1"/>
  <testcase time="0" classname="rx.internal.operators.OperatorMergeTest" name="testConcurrencyLimit"/>
  <testcase time="0" classname="rx.internal.operators.OperatorMergeTest" name="shouldCompleteAfterApplyingBackpressure_NormalPath"/>
  <testcase time="0" classname="rx.internal.operators.OperatorMergeTest" name="merge1SyncStreamOf1"/>
  <testcase time="0" classname="rx.internal.operators.OperatorMergeTest" name="merge1000SyncStreamOf1000"/>
  <testcase time="0" classname="rx.internal.operators.OperatorMergeTest" name="testError1"/>
  <testcase time="0" classname="rx.internal.operators.OperatorMergeTest" name="testError2"/>
  <testcase time="0" classname="rx.internal.operators.OperatorMergeTest" name="testSynchronizationOfMultipleSequences"/>
  <testcase time="0" classname="rx.internal.operators.OperatorMergeTest" name="testFastMergeHiddenScalar"/>
  <testcase time="0" classname="rx.internal.operators.OperatorMergeTest" name="merge10AsyncStreamOf1000"/>
  <testcase time="0" classname="rx.internal.operators.OperatorMergeTest" name="merge1SyncStreamOf1000000"/>
  <testcase time="0" classname="rx.internal.operators.OperatorMergeTest" name="testConcurrencyWithSleeping"/>
  <testcase time="0" classname="rx.internal.operators.OperatorMergeTest" name="merge10000SyncStreamOf10"/>
  <testcase time="0" classname="rx.internal.operators.OperatorMergeTest" name="merge1AsyncStreamOf1000"/>
  <testcase time="0" classname="rx.internal.operators.OperatorMergeTest" name="delayedErrorsShouldBeEmittedWhenCompleteAfterApplyingBackpressure_NormalPath"/>
</testsuite>